Determining if the C compiler works failed with the following output:
Change Dir: /Users/caujoeng/CLionProjects/DSA/CS101/cmake-build-debug/CMakeFiles/CMakeTmp

Run Build Command(s):/usr/bin/make cmTC_8e25e/fast 
/Volumes/Time Machine/Program/Xcode.app/Contents/Developer/usr/bin/make -f CMakeFiles/cmTC_8e25e.dir/build.make CMakeFiles/cmTC_8e25e.dir/build
make: /Volumes/Time: No such file or directory
make: *** [cmTC_8e25e/fast] Error 1


Determining if the C compiler works failed with the following output:
Change Dir: /Users/caujoeng/CLionProjects/DSA/CS101/cmake-build-debug/CMakeFiles/CMakeTmp

Run Build Command(s):/usr/bin/make cmTC_715c8/fast 
/Volumes/Time Machine/Program/Xcode.app/Contents/Developer/usr/bin/make -f CMakeFiles/cmTC_715c8.dir/build.make CMakeFiles/cmTC_715c8.dir/build
make[1]: /Volumes/Time: No such file or directory
make[1]: *** [cmTC_715c8/fast] Error 1


Determining if the C compiler works failed with the following output:
Change Dir: /Users/caujoeng/CLionProjects/DSA/CS101/cmake-build-debug/CMakeFiles/CMakeTmp

Run Build Command(s):/usr/bin/make cmTC_09bcb/fast 
/Volumes/Time Machine/Program/Xcode.app/Contents/Developer/usr/bin/make -f CMakeFiles/cmTC_09bcb.dir/build.make CMakeFiles/cmTC_09bcb.dir/build
make[1]: /Volumes/Time: No such file or directory
make[1]: *** [cmTC_09bcb/fast] Error 1


Determining if the C compiler works failed with the following output:
Change Dir: /Users/caujoeng/CLionProjects/DSA/CS101/cmake-build-debug/CMakeFiles/CMakeTmp

Run Build Command(s):/usr/bin/make cmTC_b6250/fast 
/Volumes/Time Machine/Program/Xcode.app/Contents/Developer/usr/bin/make -f CMakeFiles/cmTC_b6250.dir/build.make CMakeFiles/cmTC_b6250.dir/build
make[1]: /Volumes/Time: No such file or directory
make[1]: *** [cmTC_b6250/fast] Error 1


Determining if the C compiler works failed with the following output:
Change Dir: /Users/caujoeng/CLionProjects/DSA/CS101/cmake-build-debug/CMakeFiles/CMakeTmp

Run Build Command(s):/usr/bin/make cmTC_44a30/fast 
/Volumes/Time Machine/Program/Xcode.app/Contents/Developer/usr/bin/make -f CMakeFiles/cmTC_44a30.dir/build.make CMakeFiles/cmTC_44a30.dir/build
make[1]: /Volumes/Time: No such file or directory
make[1]: *** [cmTC_44a30/fast] Error 1


Determining if the C compiler works failed with the following output:
Change Dir: /Users/caujoeng/CLionProjects/DSA/CS101/cmake-build-debug/CMakeFiles/CMakeTmp

Run Build Command(s):/usr/bin/make cmTC_761c7/fast 
/Volumes/Time Machine/Program/Xcode.app/Contents/Developer/usr/bin/make -f CMakeFiles/cmTC_761c7.dir/build.make CMakeFiles/cmTC_761c7.dir/build
make[1]: /Volumes/Time: No such file or directory
make[1]: *** [cmTC_761c7/fast] Error 1


Determining if the C compiler works failed with the following output:
Change Dir: /Users/caujoeng/CLionProjects/DSA/CS101/cmake-build-debug/CMakeFiles/CMakeTmp

Run Build Command(s):/usr/bin/make cmTC_9f432/fast 
/Volumes/Time Machine/Program/Xcode.app/Contents/Developer/usr/bin/make -f CMakeFiles/cmTC_9f432.dir/build.make CMakeFiles/cmTC_9f432.dir/build
make[1]: /Volumes/Time: No such file or directory
make[1]: *** [cmTC_9f432/fast] Error 1


Determining if the C compiler works failed with the following output:
Change Dir: /Users/caujoeng/CLionProjects/DSA/CS101/cmake-build-debug/CMakeFiles/CMakeTmp

Run Build Command(s):/usr/bin/make cmTC_97017/fast 
xcrun: error: active developer path ("/Volumes/Time Machine/Program/Xcode.app/Contents/Developer") does not exist
Use `sudo xcode-select --switch path/to/Xcode.app` to specify the Xcode that you wish to use for command line developer tools, or use `xcode-select --install` to install the standalone command line developer tools.
See `man xcode-select` for more details.


Determining if the C compiler works failed with the following output:
Change Dir: /Users/caujoeng/CLionProjects/DSA/CS101/cmake-build-debug/CMakeFiles/CMakeTmp

Run Build Command(s):/usr/bin/make cmTC_cf46e/fast 
xcrun: error: active developer path ("/Volumes/Time Machine/Program/Xcode.app/Contents/Developer") does not exist
Use `sudo xcode-select --switch path/to/Xcode.app` to specify the Xcode that you wish to use for command line developer tools, or use `xcode-select --install` to install the standalone command line developer tools.
See `man xcode-select` for more details.


Determining if the C compiler works failed with the following output:
Change Dir: /Users/caujoeng/CLionProjects/DSA/CS101/cmake-build-debug/CMakeFiles/CMakeTmp

Run Build Command(s):/usr/bin/make cmTC_04349/fast 
xcrun: error: active developer path ("/Volumes/Time Machine/Program/Xcode.app/Contents/Developer") does not exist
Use `sudo xcode-select --switch path/to/Xcode.app` to specify the Xcode that you wish to use for command line developer tools, or use `xcode-select --install` to install the standalone command line developer tools.
See `man xcode-select` for more details.


Determining if the C compiler works failed with the following output:
Change Dir: /Users/caujoeng/CLionProjects/DSA/CS101/cmake-build-debug/CMakeFiles/CMakeTmp

Run Build Command(s):/usr/bin/make cmTC_ff3d8/fast 
/Volumes/Time Machine/Program/Xcode.app/Contents/Developer/usr/bin/make -f CMakeFiles/cmTC_ff3d8.dir/build.make CMakeFiles/cmTC_ff3d8.dir/build
make[1]: /Volumes/Time: No such file or directory
make[1]: *** [cmTC_ff3d8/fast] Error 1


Determining if the C compiler works failed with the following output:
Change Dir: /Users/caujoeng/CLionProjects/DSA/CS101/cmake-build-debug/CMakeFiles/CMakeTmp

Run Build Command(s):/usr/bin/make cmTC_24d34/fast 
/Volumes/Time Machine/Program/Xcode.app/Contents/Developer/usr/bin/make -f CMakeFiles/cmTC_24d34.dir/build.make CMakeFiles/cmTC_24d34.dir/build
make: /Volumes/Time: No such file or directory
make: *** [cmTC_24d34/fast] Error 1


Determining if the C compiler works failed with the following output:
Change Dir: /Users/caujoeng/CLionProjects/DSA/CS101/cmake-build-debug/CMakeFiles/CMakeTmp

Run Build Command(s):/usr/bin/make cmTC_41919/fast 
/Volumes/Time Machine/Program/Xcode.app/Contents/Developer/usr/bin/make -f CMakeFiles/cmTC_41919.dir/build.make CMakeFiles/cmTC_41919.dir/build
make[1]: /Volumes/Time: No such file or directory
make[1]: *** [cmTC_41919/fast] Error 1


Determining if the C compiler works failed with the following output:
Change Dir: /Users/caujoeng/CLionProjects/DSA/CS101/cmake-build-debug/CMakeFiles/CMakeTmp

Run Build Command(s):/usr/bin/make cmTC_de36f/fast 
/Volumes/Time Machine/Program/Xcode.app/Contents/Developer/usr/bin/make -f CMakeFiles/cmTC_de36f.dir/build.make CMakeFiles/cmTC_de36f.dir/build
make: /Volumes/Time: No such file or directory
make: *** [cmTC_de36f/fast] Error 1


Determining if the C compiler works failed with the following output:
Change Dir: /Users/caujoeng/CLionProjects/DSA/CS101/cmake-build-debug/CMakeFiles/CMakeTmp

Run Build Command(s):/usr/bin/make cmTC_4d950/fast 
/Volumes/Time Machine/Program/Xcode.app/Contents/Developer/usr/bin/make -f CMakeFiles/cmTC_4d950.dir/build.make CMakeFiles/cmTC_4d950.dir/build
make[1]: /Volumes/Time: No such file or directory
make[1]: *** [cmTC_4d950/fast] Error 1


Determining if the C compiler works failed with the following output:
Change Dir: /Users/caujoeng/CLionProjects/DSA/CS101/cmake-build-debug/CMakeFiles/CMakeTmp

Run Build Command(s):/usr/bin/make cmTC_bea43/fast 
/Volumes/Time Machine/Program/Xcode.app/Contents/Developer/usr/bin/make -f CMakeFiles/cmTC_bea43.dir/build.make CMakeFiles/cmTC_bea43.dir/build
make[1]: /Volumes/Time: No such file or directory
make[1]: *** [cmTC_bea43/fast] Error 1


